mode: set
github.com/good-night-oppie/helios-engine/internal/util/hash.go:12.85,13.19 1 1
github.com/good-night-oppie/helios-engine/internal/util/hash.go:14.20,16.66 2 1
github.com/good-night-oppie/helios-engine/internal/util/hash.go:17.20,19.66 2 1
github.com/good-night-oppie/helios-engine/internal/util/hash.go:20.10,21.64 1 1
github.com/good-night-oppie/helios-engine/internal/util/merkle.go:11.51,13.2 1 1
github.com/good-night-oppie/helios-engine/internal/util/merkle.go:18.53,22.2 3 1
github.com/good-night-oppie/helios-engine/pkg/helios/types/types.go:19.31,21.2 1 1
github.com/good-night-oppie/helios-engine/pkg/helios/types/types.go:19.31,21.2 1 0
github.com/good-night-oppie/helios-engine/pkg/helios/types/types.go:19.31,21.2 1 1
github.com/good-night-oppie/helios-engine/pkg/helios/vst/vst.go:26.17,31.2 1 1
github.com/good-night-oppie/helios-engine/pkg/helios/vst/vst.go:34.54,38.2 3 1
github.com/good-night-oppie/helios-engine/pkg/helios/vst/vst.go:41.44,43.9 2 1
github.com/good-night-oppie/helios-engine/pkg/helios/vst/vst.go:43.9,45.3 1 0
github.com/good-night-oppie/helios-engine/pkg/helios/vst/vst.go:46.2,48.11 3 1
github.com/good-night-oppie/helios-engine/pkg/helios/vst/vst.go:52.81,58.28 4 1
github.com/good-night-oppie/helios-engine/pkg/helios/vst/vst.go:58.28,63.3 4 1
github.com/good-night-oppie/helios-engine/pkg/helios/vst/vst.go:70.2,71.35 2 1
github.com/good-night-oppie/helios-engine/pkg/helios/vst/vst.go:71.35,73.17 2 1
github.com/good-night-oppie/helios-engine/pkg/helios/vst/vst.go:73.17,75.4 1 0
github.com/good-night-oppie/helios-engine/pkg/helios/vst/vst.go:76.3,76.27 1 1
github.com/good-night-oppie/helios-engine/pkg/helios/vst/vst.go:80.2,81.60 2 1
github.com/good-night-oppie/helios-engine/pkg/helios/vst/vst.go:81.60,83.3 1 1
github.com/good-night-oppie/helios-engine/pkg/helios/vst/vst.go:86.2,86.38 1 1
github.com/good-night-oppie/helios-engine/pkg/helios/vst/vst.go:86.38,88.31 2 1
github.com/good-night-oppie/helios-engine/pkg/helios/vst/vst.go:88.31,90.4 1 1
github.com/good-night-oppie/helios-engine/pkg/helios/vst/vst.go:91.3,96.18 4 1
github.com/good-night-oppie/helios-engine/pkg/helios/vst/vst.go:96.18,99.31 3 1
github.com/good-night-oppie/helios-engine/pkg/helios/vst/vst.go:99.31,101.5 1 0
github.com/good-night-oppie/helios-engine/pkg/helios/vst/vst.go:104.3,104.22 1 1
github.com/good-night-oppie/helios-engine/pkg/helios/vst/vst.go:109.2,110.28 2 1
github.com/good-night-oppie/helios-engine/pkg/helios/vst/vst.go:110.28,112.3 1 1
github.com/good-night-oppie/helios-engine/pkg/helios/vst/vst.go:113.2,113.42 1 1
github.com/good-night-oppie/helios-engine/pkg/helios/vst/vst.go:113.42,115.15 2 1
github.com/good-night-oppie/helios-engine/pkg/helios/vst/vst.go:115.15,117.4 1 1
github.com/good-night-oppie/helios-engine/pkg/helios/vst/vst.go:118.3,118.17 1 0
github.com/good-night-oppie/helios-engine/pkg/helios/vst/vst.go:121.2,122.28 2 1
github.com/good-night-oppie/helios-engine/pkg/helios/vst/vst.go:122.28,130.37 3 1
github.com/good-night-oppie/helios-engine/pkg/helios/vst/vst.go:130.37,132.46 1 1
github.com/good-night-oppie/helios-engine/pkg/helios/vst/vst.go:132.46,133.13 1 1
github.com/good-night-oppie/helios-engine/pkg/helios/vst/vst.go:135.4,135.34 1 1
github.com/good-night-oppie/helios-engine/pkg/helios/vst/vst.go:141.3,141.33 1 1
github.com/good-night-oppie/helios-engine/pkg/helios/vst/vst.go:141.33,142.18 1 1
github.com/good-night-oppie/helios-engine/pkg/helios/vst/vst.go:142.18,143.13 1 1
github.com/good-night-oppie/helios-engine/pkg/helios/vst/vst.go:146.4,146.32 1 1
github.com/good-night-oppie/helios-engine/pkg/helios/vst/vst.go:146.32,147.37 1 1
github.com/good-night-oppie/helios-engine/pkg/helios/vst/vst.go:147.37,149.33 2 1
github.com/good-night-oppie/helios-engine/pkg/helios/vst/vst.go:149.33,150.15 1 0
github.com/good-night-oppie/helios-engine/pkg/helios/vst/vst.go:152.6,152.80 1 1
github.com/good-night-oppie/helios-engine/pkg/helios/vst/vst.go:158.3,159.17 2 1
github.com/good-night-oppie/helios-engine/pkg/helios/vst/vst.go:159.17,161.4 1 0
github.com/good-night-oppie/helios-engine/pkg/helios/vst/vst.go:162.3,162.18 1 1
github.com/good-night-oppie/helios-engine/pkg/helios/vst/vst.go:165.2,166.39 2 1
github.com/good-night-oppie/helios-engine/pkg/helios/vst/vst.go:166.39,169.17 2 0
github.com/good-night-oppie/helios-engine/pkg/helios/vst/vst.go:169.17,171.4 1 0
github.com/good-night-oppie/helios-engine/pkg/helios/vst/vst.go:172.3,172.11 1 0
github.com/good-night-oppie/helios-engine/pkg/helios/vst/vst.go:175.2,185.25 4 1
github.com/good-night-oppie/helios-engine/pkg/helios/vst/vst.go:188.26,189.37 1 1
github.com/good-night-oppie/helios-engine/pkg/helios/vst/vst.go:189.37,191.3 1 1
github.com/good-night-oppie/helios-engine/pkg/helios/vst/vst.go:192.2,192.67 1 1
github.com/good-night-oppie/helios-engine/pkg/helios/vst/vst.go:196.50,198.9 2 1
github.com/good-night-oppie/helios-engine/pkg/helios/vst/vst.go:198.9,200.3 1 0
github.com/good-night-oppie/helios-engine/pkg/helios/vst/vst.go:201.2,202.27 2 1
github.com/good-night-oppie/helios-engine/pkg/helios/vst/vst.go:202.27,206.3 3 1
github.com/good-night-oppie/helios-engine/pkg/helios/vst/vst.go:207.2,208.12 2 1
github.com/good-night-oppie/helios-engine/pkg/helios/vst/vst.go:212.72,215.17 3 1
github.com/good-night-oppie/helios-engine/pkg/helios/vst/vst.go:215.17,217.3 1 0
github.com/good-night-oppie/helios-engine/pkg/helios/vst/vst.go:218.2,219.28 2 1
github.com/good-night-oppie/helios-engine/pkg/helios/vst/vst.go:219.28,220.31 1 1
github.com/good-night-oppie/helios-engine/pkg/helios/vst/vst.go:220.31,222.4 1 0
github.com/good-night-oppie/helios-engine/pkg/helios/vst/vst.go:222.9,222.37 1 1
github.com/good-night-oppie/helios-engine/pkg/helios/vst/vst.go:222.37,224.4 1 1
github.com/good-night-oppie/helios-engine/pkg/helios/vst/vst.go:226.2,226.22 1 1
github.com/good-night-oppie/helios-engine/pkg/helios/vst/vst.go:226.22,227.28 1 1
github.com/good-night-oppie/helios-engine/pkg/helios/vst/vst.go:227.28,229.4 1 0
github.com/good-night-oppie/helios-engine/pkg/helios/vst/vst.go:231.2,231.16 1 1
github.com/good-night-oppie/helios-engine/pkg/helios/vst/vst.go:235.109,238.9 3 1
github.com/good-night-oppie/helios-engine/pkg/helios/vst/vst.go:238.9,240.3 1 0
github.com/good-night-oppie/helios-engine/pkg/helios/vst/vst.go:242.2,243.34 2 1
github.com/good-night-oppie/helios-engine/pkg/helios/vst/vst.go:243.34,245.63 2 1
github.com/good-night-oppie/helios-engine/pkg/helios/vst/vst.go:245.63,247.4 1 0
github.com/good-night-oppie/helios-engine/pkg/helios/vst/vst.go:248.3,248.59 1 1
github.com/good-night-oppie/helios-engine/pkg/helios/vst/vst.go:248.59,250.4 1 0
github.com/good-night-oppie/helios-engine/pkg/helios/vst/vst.go:251.3,251.36 1 1
github.com/good-night-oppie/helios-engine/pkg/helios/vst/vst.go:253.2,257.8 1 1
github.com/good-night-oppie/helios-engine/pkg/helios/vst/vst.go:260.35,261.22 1 1
github.com/good-night-oppie/helios-engine/pkg/helios/vst/vst.go:261.22,263.3 1 1
github.com/good-night-oppie/helios-engine/pkg/helios/vst/vst.go:264.2,264.19 1 1
github.com/good-night-oppie/helios-engine/pkg/helios/vst/vst.go:264.19,265.19 1 1
github.com/good-night-oppie/helios-engine/pkg/helios/vst/vst.go:265.19,267.4 1 0
github.com/good-night-oppie/helios-engine/pkg/helios/vst/vst.go:269.2,269.13 1 1
